<?xml version="1.0" encoding="UTF-8"?>
<!-- Generated by org.testng.reporters.JUnitXMLReporter -->
<testsuite hostname="Mosuds-MBP.home" ignored="0" name="Test" tests="2" failures="0" timestamp="2020-07-04T21:56:29 EDT" time="0.043" errors="0">
  <testcase name="@BeforeTest setUp" time="-1.593914189277E9" classname="com.browser.setup.BaseClass">
    <failure type="org.testng.TestNGException" message="
Can inject only one of &amp;lt;ITestContext, XmlTest&amp;gt; into a @BeforeTest annotated setUp.
For more information on native dependency injection please refer to https://testng.org/doc/documentation-main.html#native-dependency-injection">
      <![CDATA[org.testng.TestNGException: 
Can inject only one of <ITestContext, XmlTest> into a @BeforeTest annotated setUp.
For more information on native dependency injection please refer to https://testng.org/doc/documentation-main.html#native-dependency-injection
... Removed 21 stack frames]]>
    </failure>
  </testcase> <!-- @BeforeTest setUp -->
  <testcase name="@AfterTest tearDown" time="-1.593914189315E9" classname="com.browser.setup.BaseClass">
    <skipped/>
  </testcase> <!-- @AfterTest tearDown -->
  <testcase name="m2" time="0.0" classname="com.browser.setup.BaseClass">
    <skipped/>
  </testcase> <!-- m2 -->
  <testcase name="targetAllPageExecution" time="0.0" classname="com.web.pages.execution.TargetPagesExecution">
    <skipped/>
  </testcase> <!-- targetAllPageExecution -->
</testsuite> <!-- Test -->
